c:\luiz\vs repos\back up - lemt\nodemode\nodemode\x64\debug\accurrentsource.nativecodeanalysis.xml
c:\luiz\vs repos\back up - lemt\nodemode\nodemode\x64\debug\acvoltagesource.nativecodeanalysis.xml
c:\luiz\vs repos\back up - lemt\nodemode\nodemode\x64\debug\capacitor.nativecodeanalysis.xml
c:\luiz\vs repos\back up - lemt\nodemode\nodemode\x64\debug\circuit.nativecodeanalysis.xml
c:\luiz\vs repos\back up - lemt\nodemode\nodemode\x64\debug\dccurrentsource.nativecodeanalysis.xml
c:\luiz\vs repos\back up - lemt\nodemode\nodemode\x64\debug\dcvoltagesource.nativecodeanalysis.xml
c:\luiz\vs repos\back up - lemt\nodemode\nodemode\x64\debug\diode.nativecodeanalysis.xml
c:\luiz\vs repos\back up - lemt\nodemode\nodemode\x64\debug\electricelement.nativecodeanalysis.xml
c:\luiz\vs repos\back up - lemt\nodemode\nodemode\x64\debug\inductor.nativecodeanalysis.xml
c:\luiz\vs repos\back up - lemt\nodemode\nodemode\x64\debug\resistance.nativecodeanalysis.xml
c:\luiz\vs repos\back up - lemt\nodemode\nodemode\x64\debug\squarewave.nativecodeanalysis.xml
c:\luiz\vs repos\back up - lemt\nodemode\nodemode\x64\debug\switch.nativecodeanalysis.xml
c:\luiz\vs repos\back up - lemt\nodemode\nodemode\x64\debug\switchdevice.nativecodeanalysis.xml
c:\luiz\vs repos\back up - lemt\nodemode\nodemode\x64\debug\vc141.pdb
c:\luiz\vs repos\back up - lemt\nodemode\nodemode\x64\debug\kernel.cu.cache
c:\luiz\vs repos\back up - lemt\nodemode\nodemode\x64\debug\kernel.cu.obj
c:\luiz\vs repos\back up - lemt\nodemode\nodemode\x64\debug\nativecodeanalysis.read.1.tlog
c:\luiz\vs repos\back up - lemt\nodemode\nodemode\x64\debug\vc.nativecodeanalysis.all.xml
c:\luiz\vs repos\back up - lemt\nodemode\x64\debug\nodemode.exe.lastcodeanalysissucceeded
c:\luiz\vs repos\back up - lemt\nodemode\nodemode\x64\debug\nodemode.tlog\cl.command.1.tlog
c:\luiz\vs repos\back up - lemt\nodemode\nodemode\x64\debug\nodemode.tlog\cl.read.1.tlog
c:\luiz\vs repos\back up - lemt\nodemode\nodemode\x64\debug\nodemode.tlog\cl.write.1.tlog
